#
# A fatal error has been detected by the Java Runtime Environment:
#
#  EXCEPTION_ACCESS_VIOLATION (0xc0000005) at pc=0x00007ff8764fe2b9, pid=3208, tid=0x00000000000033fc
#
# JRE version: Java(TM) SE Runtime Environment (8.0_144-b01) (build 1.8.0_144-b01)
# Java VM: Java HotSpot(TM) 64-Bit Server VM (25.144-b01 mixed mode windows-amd64 compressed oops)
# Problematic frame:
# C  [lwjgl_opengl.dll+0xe2b9]
#
# Failed to write core dump. Minidumps are not enabled by default on client versions of Windows
#
# If you would like to submit a bug report, please visit:
#   http://bugreport.java.com/bugreport/crash.jsp
# The crash happened outside the Java Virtual Machine in native code.
# See problematic frame for where to report the bug.
#

---------------  T H R E A D  ---------------

Current thread (0x0000000022e5c000):  JavaThread "BrettCraft" [_thread_in_native, id=13308, stack(0x0000000023260000,0x0000000023360000)]

siginfo: ExceptionCode=0xc0000005, reading address 0x0000000000000390

Registers:
RAX=0x0000000053261d50, RBX=0x0000000020e33040, RCX=0x0000000000000000, RDX=0x000000002335ef90
RSP=0x000000002335eef8, RBP=0x000000002335ef80, RSI=0x0000000020200021, RDI=0x000000000340835d
R8 =0x0000000000000006, R9 =0x0000000022e2b2e0, R10=0x0000000003417f48, R11=0x0000000052cebc50
R12=0x0000000000000000, R13=0x0000000020e33040, R14=0x000000002335efb8, R15=0x0000000022e5c000
RIP=0x00007ff8764fe2b9, EFLAGS=0x0000000000010206

Top of Stack: (sp=0x000000002335eef8)
0x000000002335eef8:   0000000003417f74 000000000340835d
0x000000002335ef08:   0000000003417cdd 0000000022e5c000
0x000000002335ef18:   0000000020e33040 000000003f800000
0x000000002335ef28:   000000003f800000 000000002335f010
0x000000002335ef38:   0000000003417ca2 000000002335ef40
0x000000002335ef48:   0000000020e33040 000000002335efb8
0x000000002335ef58:   0000000020e55b70 0000000000000000
0x000000002335ef68:   0000000020e33040 0000000000000000
0x000000002335ef78:   000000002335efa0 000000002335f000
0x000000002335ef88:   000000000340835d 0000000740d9b5d8
0x000000002335ef98:   00000000034119d8 000000003f800000
0x000000002335efa8:   000000003f800000 000000003f333333
0x000000002335efb8:   000000003ecccccd 000000002335efc0
0x000000002335efc8:   0000000020e2771e 000000002335f010
0x000000002335efd8:   0000000020e27790 0000000000000000
0x000000002335efe8:   0000000020e27738 000000002335efa0 

Instructions: (pc=0x00007ff8764fe2b9)
0x00007ff8764fe299:   48 ff a1 58 03 00 00 48 8b 01 0f 28 cb f3 0f 10
0x00007ff8764fe2a9:   5c 24 30 0f 28 c2 f3 0f 10 54 24 28 48 8b 48 18
0x00007ff8764fe2b9:   48 ff a1 90 03 00 00 48 8b 01 0f 28 c2 48 8b 48
0x00007ff8764fe2c9:   18 48 ff a1 a8 03 00 00 cc cc cc cc cc cc cc cc 


Register to memory mapping:

RAX=0x0000000053261d50 is an unknown value
RBX={method} {0x0000000020e33048} 'glClearColor' '(FFFF)V' in 'org/lwjgl/opengl/GL11'
RCX=0x0000000000000000 is an unknown value
RDX=0x000000002335ef90 is pointing into the stack for thread: 0x0000000022e5c000
RSP=0x000000002335eef8 is pointing into the stack for thread: 0x0000000022e5c000
RBP=0x000000002335ef80 is pointing into the stack for thread: 0x0000000022e5c000
RSI=0x0000000020200021 is an unknown value
RDI=0x000000000340835d is at code_begin+2301 in an Interpreter codelet
invoke return entry points  [0x0000000003407a60, 0x0000000003408440]  2528 bytes
R8 =0x0000000000000006 is an unknown value
R9 =0x0000000022e2b2e0 is an unknown value
R10=0x0000000003417f48 is at code_begin+840 in an Interpreter codelet
method entry point (kind = native)  [0x0000000003417c00, 0x0000000003418560]  2400 bytes
R11=0x0000000052cebc50 is an unknown value
R12=0x0000000000000000 is an unknown value
R13={method} {0x0000000020e33048} 'glClearColor' '(FFFF)V' in 'org/lwjgl/opengl/GL11'
R14=0x000000002335efb8 is pointing into the stack for thread: 0x0000000022e5c000
R15=0x0000000022e5c000 is a thread


Stack: [0x0000000023260000,0x0000000023360000],  sp=0x000000002335eef8,  free space=1019k
Native frames: (J=compiled Java code, j=interpreted, Vv=VM code, C=native code)
C  [lwjgl_opengl.dll+0xe2b9]

Java frames: (J=compiled Java code, j=interpreted, Vv=VM code)
j  org.lwjgl.opengl.GL11.glClearColor(FFFF)V+0
j  Data.RenderingEngine.MasterRenderer.prepare()V+6
j  Data.Main.init()V+131
j  Data.Main.run()V+1
j  java.lang.Thread.run()V+11
v  ~StubRoutines::call_stub

---------------  P R O C E S S  ---------------

Java Threads: ( => current thread )
  0x0000000001bfe000 JavaThread "DestroyJavaVM" [_thread_blocked, id=12940, stack(0x0000000001a40000,0x0000000001b40000)]
=>0x0000000022e5c000 JavaThread "BrettCraft" [_thread_in_native, id=13308, stack(0x0000000023260000,0x0000000023360000)]
  0x0000000022ca1800 JavaThread "Service Thread" daemon [_thread_blocked, id=2564, stack(0x0000000023060000,0x0000000023160000)]
  0x0000000021316800 JavaThread "C1 CompilerThread2" daemon [_thread_blocked, id=9240, stack(0x0000000022b60000,0x0000000022c60000)]
  0x0000000021313800 JavaThread "C2 CompilerThread1" daemon [_thread_blocked, id=10228, stack(0x0000000022a60000,0x0000000022b60000)]
  0x000000002130e000 JavaThread "C2 CompilerThread0" daemon [_thread_blocked, id=6392, stack(0x0000000022960000,0x0000000022a60000)]
  0x000000002130c000 JavaThread "Attach Listener" daemon [_thread_blocked, id=8440, stack(0x0000000022860000,0x0000000022960000)]
  0x000000002130b000 JavaThread "Signal Dispatcher" daemon [_thread_blocked, id=12736, stack(0x0000000022760000,0x0000000022860000)]
  0x00000000212fa800 JavaThread "Finalizer" daemon [_thread_blocked, id=10012, stack(0x0000000022570000,0x0000000022670000)]
  0x0000000001cf0000 JavaThread "Reference Handler" daemon [_thread_blocked, id=8008, stack(0x0000000022470000,0x0000000022570000)]

Other Threads:
  0x00000000212d7800 VMThread [stack: 0x0000000022370000,0x0000000022470000] [id=3936]
  0x0000000022caf800 WatcherThread [stack: 0x0000000023160000,0x0000000023260000] [id=2792]

VM state:not at safepoint (normal execution)

VM Mutex/Monitor currently owned by a thread: None

Heap:
 PSYoungGen      total 114688K, used 11796K [0x0000000740380000, 0x0000000748380000, 0x00000007c0000000)
  eden space 98304K, 12% used [0x0000000740380000,0x0000000740f05398,0x0000000746380000)
  from space 16384K, 0% used [0x0000000747380000,0x0000000747380000,0x0000000748380000)
  to   space 16384K, 0% used [0x0000000746380000,0x0000000746380000,0x0000000747380000)
 ParOldGen       total 262144K, used 0K [0x0000000640a00000, 0x0000000650a00000, 0x0000000740380000)
  object space 262144K, 0% used [0x0000000640a00000,0x0000000640a00000,0x0000000650a00000)
 Metaspace       used 5616K, capacity 5786K, committed 5888K, reserved 1056768K
  class space    used 613K, capacity 705K, committed 768K, reserved 1048576K

Card table byte_map: [0x00000000127c0000,0x00000000133c0000] byte_map_base: 0x000000000f5bb000

Marking Bits: (ParMarkBitMap*) 0x00000000532dd850
 Begin Bits: [0x0000000013dc0000, 0x0000000019d98000)
 End Bits:   [0x0000000019d98000, 0x000000001fd70000)

Polling page: 0x00000000016e0000

CodeCache: size=245760Kb used=2224Kb max_used=2224Kb free=243535Kb
 bounds [0x0000000003400000, 0x0000000003670000, 0x0000000012400000]
 total_blobs=1134 nmethods=433 adapters=614
 compilation: enabled

Compilation events (10 events):
Event: 1.079 Thread 0x0000000021313800 nmethod 425 0x0000000003625850 code [0x00000000036259a0, 0x0000000003625c98]
Event: 1.079 Thread 0x0000000021316800  427       1       java.util.Formatter$Flags::valueOf (5 bytes)
Event: 1.079 Thread 0x0000000021316800 nmethod 427 0x0000000003625590 code [0x00000000036256e0, 0x00000000036257f0]
Event: 1.080 Thread 0x0000000021316800  428       3       java.util.HashMap::putVal (300 bytes)
Event: 1.080 Thread 0x0000000021316800 nmethod 428 0x0000000003623950 code [0x0000000003623bc0, 0x0000000003624eb8]
Event: 1.080 Thread 0x0000000021316800  429       3       java.lang.Character::charCount (12 bytes)
Event: 1.080 Thread 0x0000000021316800 nmethod 429 0x0000000003623610 code [0x0000000003623760, 0x00000000036238f0]
Event: 1.081 Thread 0x0000000021316800  430       3       java.lang.ref.Finalizer::register (10 bytes)
Event: 1.081 Thread 0x0000000021316800 nmethod 430 0x0000000003622e90 code [0x0000000003623020, 0x0000000003623448]
Event: 1.081 Thread 0x0000000021316800  432   !   3       sun.net.www.ParseUtil::decode (316 bytes)

GC Heap History (0 events):
No events

Deoptimization events (0 events):
No events

Internal exceptions (10 events):
Event: 0.017 Thread 0x0000000001bfe000 Exception <a 'java/lang/NoSuchMethodError': Method sun.misc.Unsafe.prefetchRead(Ljava/lang/Object;J)V name or signature does not match> (0x0000000740387f90) thrown at [C:\re\workspace\8-2-build-windows-amd64-cygwin\jdk8u144\9417\hotspot\src\share\vm\prims
Event: 0.068 Thread 0x0000000022e5c000 Exception <a 'java/lang/NoSuchMethodError': java.lang.Object.lambda$static$0(Ljava/lang/String;)Ljava/lang/Boolean;> (0x00000007409dd048) thrown at [C:\re\workspace\8-2-build-windows-amd64-cygwin\jdk8u144\9417\hotspot\src\share\vm\interpreter\linkResolver
Event: 0.074 Thread 0x0000000022e5c000 Exception <a 'java/lang/NoSuchFieldError': method resolution failed> (0x0000000740a54eb0) thrown at [C:\re\workspace\8-2-build-windows-amd64-cygwin\jdk8u144\9417\hotspot\src\share\vm\prims\methodHandles.cpp, line 1146]
Event: 0.075 Thread 0x0000000022e5c000 Exception <a 'java/lang/NoSuchFieldError': method resolution failed> (0x0000000740a622b0) thrown at [C:\re\workspace\8-2-build-windows-amd64-cygwin\jdk8u144\9417\hotspot\src\share\vm\prims\methodHandles.cpp, line 1146]
Event: 0.101 Thread 0x0000000022e5c000 Exception <a 'java/security/PrivilegedActionException'> (0x0000000740bbfc00) thrown at [C:\re\workspace\8-2-build-windows-amd64-cygwin\jdk8u144\9417\hotspot\src\share\vm\prims\jvm.cpp, line 1390]
Event: 0.101 Thread 0x0000000022e5c000 Exception <a 'java/security/PrivilegedActionException'> (0x0000000740bbfe10) thrown at [C:\re\workspace\8-2-build-windows-amd64-cygwin\jdk8u144\9417\hotspot\src\share\vm\prims\jvm.cpp, line 1390]
Event: 0.102 Thread 0x0000000022e5c000 Exception <a 'java/security/PrivilegedActionException'> (0x0000000740bc3a80) thrown at [C:\re\workspace\8-2-build-windows-amd64-cygwin\jdk8u144\9417\hotspot\src\share\vm\prims\jvm.cpp, line 1390]
Event: 0.102 Thread 0x0000000022e5c000 Exception <a 'java/security/PrivilegedActionException'> (0x0000000740bc3c90) thrown at [C:\re\workspace\8-2-build-windows-amd64-cygwin\jdk8u144\9417\hotspot\src\share\vm\prims\jvm.cpp, line 1390]
Event: 1.081 Thread 0x0000000022e5c000 Exception <a 'sun/nio/fs/WindowsException'> (0x0000000740dd5f50) thrown at [C:\re\workspace\8-2-build-windows-amd64-cygwin\jdk8u144\9417\hotspot\src\share\vm\prims\jni.cpp, line 709]
Event: 1.081 Thread 0x0000000022e5c000 Exception <a 'sun/nio/fs/WindowsException'> (0x0000000740dd6738) thrown at [C:\re\workspace\8-2-build-windows-amd64-cygwin\jdk8u144\9417\hotspot\src\share\vm\prims\jni.cpp, line 709]

Events (10 events):
Event: 1.081 loading class java/nio/file/NoSuchFileException
Event: 1.081 loading class java/nio/file/FileSystemException
Event: 1.081 loading class java/nio/file/FileSystemException done
Event: 1.081 loading class java/nio/file/NoSuchFileException done
Event: 1.082 loading class org/lwjgl/opengl/GL$1
Event: 1.082 loading class org/lwjgl/opengl/GL$1 done
Event: 1.082 loading class org/lwjgl/opengl/GL$SharedLibraryGL
Event: 1.082 loading class org/lwjgl/opengl/GL$SharedLibraryGL done
Event: 1.082 loading class org/lwjgl/system/SharedLibrary$Delegate
Event: 1.082 loading class org/lwjgl/system/SharedLibrary$Delegate done


Dynamic libraries:
0x00007ff78ce60000 - 0x00007ff78ce97000 	C:\Program Files\Java\jre1.8.0_144\bin\javaw.exe
0x00007ff897910000 - 0x00007ff897ae2000 	C:\WINDOWS\SYSTEM32\ntdll.dll
0x00007ff896760000 - 0x00007ff89680c000 	C:\WINDOWS\System32\KERNEL32.DLL
0x00007ff8949f0000 - 0x00007ff894c0d000 	C:\WINDOWS\System32\KERNELBASE.dll
0x00007ff896b00000 - 0x00007ff896ba2000 	C:\WINDOWS\System32\ADVAPI32.dll
0x00007ff896d50000 - 0x00007ff896dee000 	C:\WINDOWS\System32\msvcrt.dll
0x00007ff896700000 - 0x00007ff896759000 	C:\WINDOWS\System32\sechost.dll
0x00007ff896c20000 - 0x00007ff896d41000 	C:\WINDOWS\System32\RPCRT4.dll
0x00007ff896df0000 - 0x00007ff896f55000 	C:\WINDOWS\System32\USER32.dll
0x00007ff894920000 - 0x00007ff89493e000 	C:\WINDOWS\System32\win32u.dll
0x00007ff894ff0000 - 0x00007ff895024000 	C:\WINDOWS\System32\GDI32.dll
0x00007ff8945a0000 - 0x00007ff894720000 	C:\WINDOWS\System32\gdi32full.dll
0x00007ff888c30000 - 0x00007ff888eaa000 	C:\WINDOWS\WinSxS\amd64_microsoft.windows.common-controls_6595b64144ccf1df_6.0.14393.953_none_42151e83c686086b\COMCTL32.dll
0x00007ff896810000 - 0x00007ff896ad8000 	C:\WINDOWS\System32\combase.dll
0x00007ff894780000 - 0x00007ff894875000 	C:\WINDOWS\System32\ucrtbase.dll
0x00007ff894c10000 - 0x00007ff894c7a000 	C:\WINDOWS\System32\bcryptPrimitives.dll
0x00007ff894ea0000 - 0x00007ff894ece000 	C:\WINDOWS\System32\IMM32.DLL
0x0000000052970000 - 0x0000000052a42000 	C:\Program Files\Java\jre1.8.0_144\bin\msvcr100.dll
0x0000000052ac0000 - 0x000000005335d000 	C:\Program Files\Java\jre1.8.0_144\bin\server\jvm.dll
0x00007ff896c10000 - 0x00007ff896c18000 	C:\WINDOWS\System32\PSAPI.DLL
0x00007ff8922a0000 - 0x00007ff8922a9000 	C:\WINDOWS\SYSTEM32\WSOCK32.dll
0x00007ff88f320000 - 0x00007ff88f32a000 	C:\WINDOWS\SYSTEM32\VERSION.dll
0x00007ff891f60000 - 0x00007ff891f83000 	C:\WINDOWS\SYSTEM32\WINMM.dll
0x00007ff8978a0000 - 0x00007ff89790a000 	C:\WINDOWS\System32\WS2_32.dll
0x00000000016b0000 - 0x00000000016db000 	C:\WINDOWS\SYSTEM32\WINMMBASE.dll
0x00007ff894e50000 - 0x00007ff894e92000 	C:\WINDOWS\System32\cfgmgr32.dll
0x0000000054280000 - 0x000000005428f000 	C:\Program Files\Java\jre1.8.0_144\bin\verify.dll
0x0000000054250000 - 0x0000000054279000 	C:\Program Files\Java\jre1.8.0_144\bin\java.dll
0x0000000054230000 - 0x0000000054246000 	C:\Program Files\Java\jre1.8.0_144\bin\zip.dll
0x00007ff895090000 - 0x00007ff896598000 	C:\WINDOWS\System32\SHELL32.dll
0x00007ff893ec0000 - 0x00007ff89459a000 	C:\WINDOWS\System32\windows.storage.dll
0x00007ff893db0000 - 0x00007ff893dfc000 	C:\WINDOWS\System32\powrprof.dll
0x00007ff894f90000 - 0x00007ff894fe2000 	C:\WINDOWS\System32\shlwapi.dll
0x00007ff893d80000 - 0x00007ff893d8f000 	C:\WINDOWS\System32\kernel.appcore.dll
0x00007ff893e10000 - 0x00007ff893eb9000 	C:\WINDOWS\System32\shcore.dll
0x00007ff893d90000 - 0x00007ff893da4000 	C:\WINDOWS\System32\profapi.dll
0x0000000054210000 - 0x000000005422a000 	C:\Program Files\Java\jre1.8.0_144\bin\net.dll
0x00007ff893650000 - 0x00007ff8936ac000 	C:\WINDOWS\system32\mswsock.dll
0x00000000541f0000 - 0x0000000054201000 	C:\Program Files\Java\jre1.8.0_144\bin\nio.dll
0x00007ff880660000 - 0x00007ff8806b7000 	C:\Users\Brett\AppData\Local\Temp\lwjglBrett\3.1.2-build-29\lwjgl.dll
0x00007ff8867d0000 - 0x00007ff88680d000 	C:\Users\Brett\AppData\Local\Temp\lwjglBrett\3.1.2-build-29\glfw.dll
0x00007ff892560000 - 0x00007ff8925f5000 	C:\WINDOWS\system32\uxtheme.dll
0x00007ff876550000 - 0x00007ff876590000 	C:\WINDOWS\SYSTEM32\dinput8.dll
0x00007ff888030000 - 0x00007ff88803e000 	C:\WINDOWS\SYSTEM32\xinput1_4.dll
0x00007ff892970000 - 0x00007ff892998000 	C:\WINDOWS\SYSTEM32\DEVOBJ.dll
0x00007ff8917b0000 - 0x00007ff8917d6000 	C:\WINDOWS\SYSTEM32\dwmapi.dll
0x00007ff8965a0000 - 0x00007ff8966fa000 	C:\WINDOWS\System32\MSCTF.dll
0x00007ff894ed0000 - 0x00007ff894f8f000 	C:\WINDOWS\System32\OLEAUT32.dll
0x00007ff894880000 - 0x00007ff89491c000 	C:\WINDOWS\System32\msvcp_win.dll
0x00007ff892c60000 - 0x00007ff892c6c000 	C:\WINDOWS\SYSTEM32\HID.DLL
0x00007ff8973e0000 - 0x00007ff897809000 	C:\WINDOWS\System32\SETUPAPI.DLL
0x00007ff894720000 - 0x00007ff894775000 	C:\WINDOWS\System32\WINTRUST.dll
0x00007ff893e00000 - 0x00007ff893e10000 	C:\WINDOWS\System32\MSASN1.dll
0x00007ff894c80000 - 0x00007ff894e49000 	C:\WINDOWS\System32\CRYPT32.dll
0x00007ff8687f0000 - 0x00007ff868913000 	C:\WINDOWS\SYSTEM32\opengl32.dll
0x00007ff886340000 - 0x00007ff88636d000 	C:\WINDOWS\SYSTEM32\GLU32.dll
0x00007ff86dfb0000 - 0x00007ff86e0a7000 	C:\WINDOWS\SYSTEM32\DDRAW.dll
0x00007ff88b040000 - 0x00007ff88b048000 	C:\WINDOWS\SYSTEM32\DCIMAN32.dll
0x0000000050770000 - 0x000000005296b000 	C:\WINDOWS\SYSTEM32\nvoglv64.DLL
0x00007ff891420000 - 0x00007ff891433000 	C:\WINDOWS\SYSTEM32\WTSAPI32.dll
0x00007ff893120000 - 0x00007ff893152000 	C:\WINDOWS\SYSTEM32\ntmarta.dll
0x00007ff893c60000 - 0x00007ff893cb6000 	C:\WINDOWS\SYSTEM32\WINSTA.dll
0x00007ff8764f0000 - 0x00007ff87654c000 	C:\Users\Brett\AppData\Local\Temp\lwjglBrett\3.1.2-build-29\lwjgl_opengl.dll
0x00007ff883410000 - 0x00007ff8835a2000 	C:\WINDOWS\SYSTEM32\dbghelp.dll

VM Arguments:
jvm_args: -Dfile.encoding=Cp1252 
java_command: Data.Main
java_class_path (initial): J:\Eclipse\Java Projects\3D Block Game\bin;J:\Eclipse\Java Projects\3D Block Game\lib\lwjgl-assimp-javadoc.jar;J:\Eclipse\Java Projects\3D Block Game\lib\lwjgl-assimp-natives-windows.jar;J:\Eclipse\Java Projects\3D Block Game\lib\lwjgl-assimp-sources.jar;J:\Eclipse\Java Projects\3D Block Game\lib\lwjgl-assimp.jar;J:\Eclipse\Java Projects\3D Block Game\lib\lwjgl-glfw-javadoc.jar;J:\Eclipse\Java Projects\3D Block Game\lib\lwjgl-glfw-natives-windows.jar;J:\Eclipse\Java Projects\3D Block Game\lib\lwjgl-glfw-sources.jar;J:\Eclipse\Java Projects\3D Block Game\lib\lwjgl-glfw.jar;J:\Eclipse\Java Projects\3D Block Game\lib\lwjgl-javadoc.jar;J:\Eclipse\Java Projects\3D Block Game\lib\lwjgl-natives-windows.jar;J:\Eclipse\Java Projects\3D Block Game\lib\lwjgl-openal-javadoc.jar;J:\Eclipse\Java Projects\3D Block Game\lib\lwjgl-openal-natives-windows.jar;J:\Eclipse\Java Projects\3D Block Game\lib\lwjgl-openal-sources.jar;J:\Eclipse\Java Projects\3D Block Game\lib\lwjgl-openal.jar;J:\Eclipse\Java Projects\3D Block Game\lib\lwjgl-opengl-javadoc.jar;J:\Eclipse\Java Projects\3D Block Game\lib\lwjgl-opengl-natives-windows.jar;J:\Eclipse\Java Projects\3D Block Game\lib\lwjgl-opengl-sources.jar;J:\Eclipse\Java Projects\3D Block Game\lib\lwjgl-opengl.jar;J:\Eclipse\Java Projects\3D Block Game\lib\lwjgl-sources.jar;J:\Eclipse\Java Projects\3D Block Game\lib\lwjgl-stb-javadoc.jar;J:\Eclipse\Java Projects\3D Block Game\lib\lwjgl-stb-natives-windows.jar;J:\Eclipse\Java Projects\3D Block Game\lib\lwjgl-stb-sources.jar;J:\Eclipse\Java Projects\3D Block Game\lib\lwjgl-stb.jar;J:\Eclipse\Java Projects\3D Block Game\lib\lwjgl.jar
Launcher Type: SUN_STANDARD

Environment Variables:
JAVA_HOME=C:\Program Files\Java\jdk1.8.0_121
PATH=C:/Program Files/Java/jre1.8.0_144/bin/server;C:/Program Files/Java/jre1.8.0_144/bin;C:/Program Files/Java/jre1.8.0_144/lib/amd64;C:\ProgramData\Oracle\Java\javapath;C:\Program Files\Java\jdk1.8.0_121\bin;C:\Program Files (x86)\Intel\iCLS Client\;C:\Program Files\Intel\iCLS Client\;C:\Windows\system32;C:\Windows;C:\Windows\System32\Wbem;C:\Windows\System32\WindowsPowerShell\v1.0\;C:\Program Files (x86)\Intel\Intel(R) Management Engine Components\DAL;C:\Program Files\Intel\Intel(R) Management Engine Components\DAL;C:\Program Files (x86)\Intel\Intel(R) Management Engine Components\IPT;C:\Program Files\Intel\Intel(R) Management Engine Components\IPT;C:\Program Files (x86)\GtkSharp\2.12\bin;C:\WINDOWS\system32;C:\WINDOWS;C:\WINDOWS\System32\Wbem;C:\WINDOWS\System32\WindowsPowerShell\v1.0\;C:\Program Files (x86)\Skype\Phone\;C:\Program Files\TortoiseSVN\bin;C:\Python27;C:\Python27\DLLs;C:\Python27\Lib;C:\Users\Brett\.dnx\bin;C:\Program Files\Microsoft DNX\Dnvm\;C:\Program Files (x86)\Windows Kits\10\Windows Performance Toolkit\;C:\Program Files\Microsoft SQL Server\130\Tools\Binn\;C:\Users\Brett\AppData\Local\Programs\Python\Python36-32;C:\Users\Brett\AppData\Local\Programs\Python\Python36-32\Scripts;C:\Program Files (x86)\NVIDIA Corporation\PhysX\Common;C:\Program Files (x86)\ATMEL\FLIP 2.4.6\bin;C:\Users\Brett\AppData\Local\Microsoft\WindowsApps;C:\Program Files (x86)\Atmel\Flip 3.4.7\bin;C:\Program Files\Java\jdk1.8.0_121\bin;C:\Users\Brett\Desktop;
USERNAME=Brett
OS=Windows_NT
PROCESSOR_IDENTIFIER=Intel64 Family 6 Model 94 Stepping 3, GenuineIntel



---------------  S Y S T E M  ---------------

OS: Windows 10.0 , 64 bit Build 14393 (10.0.14393.1198)

CPU:total 4 (initial active 4) (4 cores per cpu, 1 threads per core) family 6 model 94 stepping 3, cmov, cx8, fxsr, mmx, sse, sse2, sse3, ssse3, sse4.1, sse4.2, popcnt, avx, avx2, aes, clmul, erms, rtm, 3dnowpref, lzcnt, tsc, tscinvbit, bmi1, bmi2, adx

Memory: 4k page, physical 25124700k(17653840k free), swap 28794716k(19734568k free)

vm_info: Java HotSpot(TM) 64-Bit Server VM (25.144-b01) for windows-amd64 JRE (1.8.0_144-b01), built on Jul 21 2017 21:57:33 by "java_re" with MS VC++ 10.0 (VS2010)

time: Wed Aug 16 17:35:12 2017
elapsed time: 1 seconds (0d 0h 0m 1s)

