#
# A fatal error has been detected by the Java Runtime Environment:
#
#  EXCEPTION_ACCESS_VIOLATION (0xc0000005) at pc=0x00007ff87649e2b9, pid=6832, tid=0x0000000000002c20
#
# JRE version: Java(TM) SE Runtime Environment (8.0_144-b01) (build 1.8.0_144-b01)
# Java VM: Java HotSpot(TM) 64-Bit Server VM (25.144-b01 mixed mode windows-amd64 compressed oops)
# Problematic frame:
# C  [lwjgl_opengl.dll+0xe2b9]
#
# Failed to write core dump. Minidumps are not enabled by default on client versions of Windows
#
# If you would like to submit a bug report, please visit:
#   http://bugreport.java.com/bugreport/crash.jsp
# The crash happened outside the Java Virtual Machine in native code.
# See problematic frame for where to report the bug.
#

---------------  T H R E A D  ---------------

Current thread (0x00000000227ee000):  JavaThread "BrettCraft" [_thread_in_native, id=11296, stack(0x0000000022d10000,0x0000000022e10000)]

siginfo: ExceptionCode=0xc0000005, reading address 0x0000000000000390

Registers:
RAX=0x0000000053261d50, RBX=0x00000000208f3090, RCX=0x0000000000000000, RDX=0x0000000022e0eea8
RSP=0x0000000022e0ee08, RBP=0x0000000022e0ee98, RSI=0x0000000020200021, RDI=0x000000000340835d
R8 =0x0000000000000006, R9 =0x00000000227dc0f0, R10=0x0000000003417f48, R11=0x0000000052cebc50
R12=0x0000000000000000, R13=0x00000000208f3090, R14=0x0000000022e0eed0, R15=0x00000000227ee000
RIP=0x00007ff87649e2b9, EFLAGS=0x0000000000010206

Top of Stack: (sp=0x0000000022e0ee08)
0x0000000022e0ee08:   0000000003417f74 0000000020200021
0x0000000022e0ee18:   000000000340835d 000000000340835d
0x0000000022e0ee28:   0000000003417ceb 000000003f800000
0x0000000022e0ee38:   000000003f800000 0000000020200021
0x0000000022e0ee48:   00000000227ee000 0000000003417ca2
0x0000000022e0ee58:   0000000022e0ee58 00000000208f3090
0x0000000022e0ee68:   0000000022e0eed0 0000000020915b70
0x0000000022e0ee78:   0000000000000000 00000000208f3090
0x0000000022e0ee88:   0000000000000000 0000000022e0eeb8
0x0000000022e0ee98:   0000000022e0ef18 000000000340835d
0x0000000022e0eea8:   0000000740d9ba10 00000000034119d8
0x0000000022e0eeb8:   000000003f800000 000000003f800000
0x0000000022e0eec8:   000000003f333333 000000003ecccccd
0x0000000022e0eed8:   0000000022e0eed8 00000000208e7746
0x0000000022e0eee8:   0000000022e0ef28 00000000208e77c0
0x0000000022e0eef8:   0000000000000000 00000000208e7768 

Instructions: (pc=0x00007ff87649e2b9)
0x00007ff87649e299:   48 ff a1 58 03 00 00 48 8b 01 0f 28 cb f3 0f 10
0x00007ff87649e2a9:   5c 24 30 0f 28 c2 f3 0f 10 54 24 28 48 8b 48 18
0x00007ff87649e2b9:   48 ff a1 90 03 00 00 48 8b 01 0f 28 c2 48 8b 48
0x00007ff87649e2c9:   18 48 ff a1 a8 03 00 00 cc cc cc cc cc cc cc cc 


Register to memory mapping:

RAX=0x0000000053261d50 is an unknown value
RBX={method} {0x00000000208f3098} 'glClearColor' '(FFFF)V' in 'org/lwjgl/opengl/GL11'
RCX=0x0000000000000000 is an unknown value
RDX=0x0000000022e0eea8 is pointing into the stack for thread: 0x00000000227ee000
RSP=0x0000000022e0ee08 is pointing into the stack for thread: 0x00000000227ee000
RBP=0x0000000022e0ee98 is pointing into the stack for thread: 0x00000000227ee000
RSI=0x0000000020200021 is an unknown value
RDI=0x000000000340835d is at code_begin+2301 in an Interpreter codelet
invoke return entry points  [0x0000000003407a60, 0x0000000003408440]  2528 bytes
R8 =0x0000000000000006 is an unknown value
R9 =0x00000000227dc0f0 is an unknown value
R10=0x0000000003417f48 is at code_begin+840 in an Interpreter codelet
method entry point (kind = native)  [0x0000000003417c00, 0x0000000003418560]  2400 bytes
R11=0x0000000052cebc50 is an unknown value
R12=0x0000000000000000 is an unknown value
R13={method} {0x00000000208f3098} 'glClearColor' '(FFFF)V' in 'org/lwjgl/opengl/GL11'
R14=0x0000000022e0eed0 is pointing into the stack for thread: 0x00000000227ee000
R15=0x00000000227ee000 is a thread


Stack: [0x0000000022d10000,0x0000000022e10000],  sp=0x0000000022e0ee08,  free space=1019k
Native frames: (J=compiled Java code, j=interpreted, Vv=VM code, C=native code)
C  [lwjgl_opengl.dll+0xe2b9]

Java frames: (J=compiled Java code, j=interpreted, Vv=VM code)
j  org.lwjgl.opengl.GL11.glClearColor(FFFF)V+0
j  Data.RenderingEngine.MasterRenderer.prepare()V+6
j  Data.Main.init()V+125
j  Data.Main.run()V+1
j  java.lang.Thread.run()V+11
v  ~StubRoutines::call_stub

---------------  P R O C E S S  ---------------

Java Threads: ( => current thread )
  0x0000000000e1e000 JavaThread "DestroyJavaVM" [_thread_blocked, id=12044, stack(0x00000000015f0000,0x00000000016f0000)]
=>0x00000000227ee000 JavaThread "BrettCraft" [_thread_in_native, id=11296, stack(0x0000000022d10000,0x0000000022e10000)]
  0x0000000020e2c800 JavaThread "Service Thread" daemon [_thread_blocked, id=2716, stack(0x0000000022b10000,0x0000000022c10000)]
  0x0000000022618800 JavaThread "C1 CompilerThread2" daemon [_thread_blocked, id=11004, stack(0x0000000022a10000,0x0000000022b10000)]
  0x0000000020e24800 JavaThread "C2 CompilerThread1" daemon [_thread_blocked, id=8352, stack(0x0000000022510000,0x0000000022610000)]
  0x0000000020dcd800 JavaThread "C2 CompilerThread0" daemon [_thread_blocked, id=11540, stack(0x0000000022410000,0x0000000022510000)]
  0x0000000020dcc000 JavaThread "Attach Listener" daemon [_thread_blocked, id=10960, stack(0x0000000022310000,0x0000000022410000)]
  0x0000000020dcb000 JavaThread "Signal Dispatcher" daemon [_thread_blocked, id=9764, stack(0x0000000022210000,0x0000000022310000)]
  0x0000000020dba800 JavaThread "Finalizer" daemon [_thread_blocked, id=3256, stack(0x0000000022020000,0x0000000022120000)]
  0x00000000017e0000 JavaThread "Reference Handler" daemon [_thread_blocked, id=11140, stack(0x0000000021f20000,0x0000000022020000)]

Other Threads:
  0x0000000020d97800 VMThread [stack: 0x0000000021e20000,0x0000000021f20000] [id=6972]
  0x000000002265b800 WatcherThread [stack: 0x0000000022c10000,0x0000000022d10000] [id=10504]

VM state:not at safepoint (normal execution)

VM Mutex/Monitor currently owned by a thread: None

Heap:
 PSYoungGen      total 114688K, used 11797K [0x0000000740380000, 0x0000000748380000, 0x00000007c0000000)
  eden space 98304K, 12% used [0x0000000740380000,0x0000000740f05410,0x0000000746380000)
  from space 16384K, 0% used [0x0000000747380000,0x0000000747380000,0x0000000748380000)
  to   space 16384K, 0% used [0x0000000746380000,0x0000000746380000,0x0000000747380000)
 ParOldGen       total 262144K, used 0K [0x0000000640a00000, 0x0000000650a00000, 0x0000000740380000)
  object space 262144K, 0% used [0x0000000640a00000,0x0000000640a00000,0x0000000650a00000)
 Metaspace       used 5610K, capacity 5786K, committed 5888K, reserved 1056768K
  class space    used 613K, capacity 705K, committed 768K, reserved 1048576K

Card table byte_map: [0x0000000012400000,0x0000000013000000] byte_map_base: 0x000000000f1fb000

Marking Bits: (ParMarkBitMap*) 0x00000000532dd850
 Begin Bits: [0x0000000013800000, 0x00000000197d8000)
 End Bits:   [0x00000000197d8000, 0x000000001f7b0000)

Polling page: 0x00000000009f0000

CodeCache: size=245760Kb used=2215Kb max_used=2215Kb free=243544Kb
 bounds [0x0000000003400000, 0x0000000003670000, 0x0000000012400000]
 total_blobs=1132 nmethods=431 adapters=614
 compilation: enabled

Compilation events (10 events):
Event: 1.074 Thread 0x0000000022618800  425       3       sun.nio.fs.WindowsPathParser::isInvalidPathChar (22 bytes)
Event: 1.074 Thread 0x0000000022618800 nmethod 425 0x0000000003622310 code [0x0000000003622480, 0x00000000036227e8]
Event: 1.076 Thread 0x0000000022618800  426       1       java.util.Formatter$Flags::valueOf (5 bytes)
Event: 1.076 Thread 0x0000000020dcd800 nmethod 424 0x00000000036257d0 code [0x0000000003625920, 0x0000000003625c18]
Event: 1.076 Thread 0x0000000022618800 nmethod 426 0x0000000003625510 code [0x0000000003625660, 0x0000000003625770]
Event: 1.076 Thread 0x0000000022618800  427       3       java.lang.Character::charCount (12 bytes)
Event: 1.076 Thread 0x0000000022618800 nmethod 427 0x00000000036251d0 code [0x0000000003625320, 0x00000000036254b0]
Event: 1.077 Thread 0x0000000022618800  428       3       java.lang.ref.Finalizer::register (10 bytes)
Event: 1.077 Thread 0x0000000022618800 nmethod 428 0x0000000003624a50 code [0x0000000003624be0, 0x0000000003625008]
Event: 1.077 Thread 0x0000000022618800  430   !   3       sun.net.www.ParseUtil::decode (316 bytes)

GC Heap History (0 events):
No events

Deoptimization events (0 events):
No events

Internal exceptions (10 events):
Event: 0.019 Thread 0x0000000000e1e000 Exception <a 'java/lang/NoSuchMethodError': Method sun.misc.Unsafe.prefetchRead(Ljava/lang/Object;J)V name or signature does not match> (0x0000000740387f90) thrown at [C:\re\workspace\8-2-build-windows-amd64-cygwin\jdk8u144\9417\hotspot\src\share\vm\prims
Event: 0.072 Thread 0x00000000227ee000 Exception <a 'java/lang/NoSuchMethodError': java.lang.Object.lambda$static$0(Ljava/lang/String;)Ljava/lang/Boolean;> (0x00000007409dd008) thrown at [C:\re\workspace\8-2-build-windows-amd64-cygwin\jdk8u144\9417\hotspot\src\share\vm\interpreter\linkResolver
Event: 0.079 Thread 0x00000000227ee000 Exception <a 'java/lang/NoSuchFieldError': method resolution failed> (0x0000000740a54e50) thrown at [C:\re\workspace\8-2-build-windows-amd64-cygwin\jdk8u144\9417\hotspot\src\share\vm\prims\methodHandles.cpp, line 1146]
Event: 0.080 Thread 0x00000000227ee000 Exception <a 'java/lang/NoSuchFieldError': method resolution failed> (0x0000000740a62250) thrown at [C:\re\workspace\8-2-build-windows-amd64-cygwin\jdk8u144\9417\hotspot\src\share\vm\prims\methodHandles.cpp, line 1146]
Event: 0.106 Thread 0x00000000227ee000 Exception <a 'java/security/PrivilegedActionException'> (0x0000000740bbffa0) thrown at [C:\re\workspace\8-2-build-windows-amd64-cygwin\jdk8u144\9417\hotspot\src\share\vm\prims\jvm.cpp, line 1390]
Event: 0.106 Thread 0x00000000227ee000 Exception <a 'java/security/PrivilegedActionException'> (0x0000000740bc01b0) thrown at [C:\re\workspace\8-2-build-windows-amd64-cygwin\jdk8u144\9417\hotspot\src\share\vm\prims\jvm.cpp, line 1390]
Event: 0.106 Thread 0x00000000227ee000 Exception <a 'java/security/PrivilegedActionException'> (0x0000000740bc3e20) thrown at [C:\re\workspace\8-2-build-windows-amd64-cygwin\jdk8u144\9417\hotspot\src\share\vm\prims\jvm.cpp, line 1390]
Event: 0.106 Thread 0x00000000227ee000 Exception <a 'java/security/PrivilegedActionException'> (0x0000000740bc4030) thrown at [C:\re\workspace\8-2-build-windows-amd64-cygwin\jdk8u144\9417\hotspot\src\share\vm\prims\jvm.cpp, line 1390]
Event: 1.077 Thread 0x00000000227ee000 Exception <a 'sun/nio/fs/WindowsException'> (0x0000000740dd6388) thrown at [C:\re\workspace\8-2-build-windows-amd64-cygwin\jdk8u144\9417\hotspot\src\share\vm\prims\jni.cpp, line 709]
Event: 1.077 Thread 0x00000000227ee000 Exception <a 'sun/nio/fs/WindowsException'> (0x0000000740dd6b70) thrown at [C:\re\workspace\8-2-build-windows-amd64-cygwin\jdk8u144\9417\hotspot\src\share\vm\prims\jni.cpp, line 709]

Events (10 events):
Event: 1.077 loading class java/nio/file/NoSuchFileException
Event: 1.077 loading class java/nio/file/FileSystemException
Event: 1.077 loading class java/nio/file/FileSystemException done
Event: 1.077 loading class java/nio/file/NoSuchFileException done
Event: 1.077 loading class org/lwjgl/opengl/GL$1
Event: 1.077 loading class org/lwjgl/opengl/GL$1 done
Event: 1.078 loading class org/lwjgl/opengl/GL$SharedLibraryGL
Event: 1.078 loading class org/lwjgl/opengl/GL$SharedLibraryGL done
Event: 1.078 loading class org/lwjgl/system/SharedLibrary$Delegate
Event: 1.078 loading class org/lwjgl/system/SharedLibrary$Delegate done


Dynamic libraries:
0x00007ff78ce60000 - 0x00007ff78ce97000 	C:\Program Files\Java\jre1.8.0_144\bin\javaw.exe
0x00007ff897910000 - 0x00007ff897ae2000 	C:\WINDOWS\SYSTEM32\ntdll.dll
0x00007ff896760000 - 0x00007ff89680c000 	C:\WINDOWS\System32\KERNEL32.DLL
0x00007ff8949f0000 - 0x00007ff894c0d000 	C:\WINDOWS\System32\KERNELBASE.dll
0x00007ff896b00000 - 0x00007ff896ba2000 	C:\WINDOWS\System32\ADVAPI32.dll
0x00007ff896d50000 - 0x00007ff896dee000 	C:\WINDOWS\System32\msvcrt.dll
0x00007ff896700000 - 0x00007ff896759000 	C:\WINDOWS\System32\sechost.dll
0x00007ff896c20000 - 0x00007ff896d41000 	C:\WINDOWS\System32\RPCRT4.dll
0x00007ff896df0000 - 0x00007ff896f55000 	C:\WINDOWS\System32\USER32.dll
0x00007ff894920000 - 0x00007ff89493e000 	C:\WINDOWS\System32\win32u.dll
0x00007ff894ff0000 - 0x00007ff895024000 	C:\WINDOWS\System32\GDI32.dll
0x00007ff8945a0000 - 0x00007ff894720000 	C:\WINDOWS\System32\gdi32full.dll
0x00007ff888c30000 - 0x00007ff888eaa000 	C:\WINDOWS\WinSxS\amd64_microsoft.windows.common-controls_6595b64144ccf1df_6.0.14393.953_none_42151e83c686086b\COMCTL32.dll
0x00007ff896810000 - 0x00007ff896ad8000 	C:\WINDOWS\System32\combase.dll
0x00007ff894780000 - 0x00007ff894875000 	C:\WINDOWS\System32\ucrtbase.dll
0x00007ff894c10000 - 0x00007ff894c7a000 	C:\WINDOWS\System32\bcryptPrimitives.dll
0x00007ff894ea0000 - 0x00007ff894ece000 	C:\WINDOWS\System32\IMM32.DLL
0x0000000052970000 - 0x0000000052a42000 	C:\Program Files\Java\jre1.8.0_144\bin\msvcr100.dll
0x0000000052ac0000 - 0x000000005335d000 	C:\Program Files\Java\jre1.8.0_144\bin\server\jvm.dll
0x00007ff896c10000 - 0x00007ff896c18000 	C:\WINDOWS\System32\PSAPI.DLL
0x00007ff8922a0000 - 0x00007ff8922a9000 	C:\WINDOWS\SYSTEM32\WSOCK32.dll
0x00007ff8978a0000 - 0x00007ff89790a000 	C:\WINDOWS\System32\WS2_32.dll
0x00007ff891f60000 - 0x00007ff891f83000 	C:\WINDOWS\SYSTEM32\WINMM.dll
0x00007ff88f320000 - 0x00007ff88f32a000 	C:\WINDOWS\SYSTEM32\VERSION.dll
0x00007ff891e00000 - 0x00007ff891e2b000 	C:\WINDOWS\SYSTEM32\WINMMBASE.dll
0x00007ff894e50000 - 0x00007ff894e92000 	C:\WINDOWS\System32\cfgmgr32.dll
0x0000000054280000 - 0x000000005428f000 	C:\Program Files\Java\jre1.8.0_144\bin\verify.dll
0x0000000054250000 - 0x0000000054279000 	C:\Program Files\Java\jre1.8.0_144\bin\java.dll
0x0000000054230000 - 0x0000000054246000 	C:\Program Files\Java\jre1.8.0_144\bin\zip.dll
0x00007ff895090000 - 0x00007ff896598000 	C:\WINDOWS\System32\SHELL32.dll
0x00007ff893ec0000 - 0x00007ff89459a000 	C:\WINDOWS\System32\windows.storage.dll
0x00007ff893db0000 - 0x00007ff893dfc000 	C:\WINDOWS\System32\powrprof.dll
0x00007ff894f90000 - 0x00007ff894fe2000 	C:\WINDOWS\System32\shlwapi.dll
0x00007ff893d80000 - 0x00007ff893d8f000 	C:\WINDOWS\System32\kernel.appcore.dll
0x00007ff893e10000 - 0x00007ff893eb9000 	C:\WINDOWS\System32\shcore.dll
0x00007ff893d90000 - 0x00007ff893da4000 	C:\WINDOWS\System32\profapi.dll
0x0000000054210000 - 0x000000005422a000 	C:\Program Files\Java\jre1.8.0_144\bin\net.dll
0x00007ff893650000 - 0x00007ff8936ac000 	C:\WINDOWS\system32\mswsock.dll
0x00000000541f0000 - 0x0000000054201000 	C:\Program Files\Java\jre1.8.0_144\bin\nio.dll
0x00007ff876530000 - 0x00007ff876587000 	C:\Users\Brett\AppData\Local\Temp\lwjglBrett\3.1.2-build-29\lwjgl.dll
0x00007ff8867d0000 - 0x00007ff88680d000 	C:\Users\Brett\AppData\Local\Temp\lwjglBrett\3.1.2-build-29\glfw.dll
0x00007ff892560000 - 0x00007ff8925f5000 	C:\WINDOWS\system32\uxtheme.dll
0x00007ff8764f0000 - 0x00007ff876530000 	C:\WINDOWS\SYSTEM32\dinput8.dll
0x00007ff888030000 - 0x00007ff88803e000 	C:\WINDOWS\SYSTEM32\xinput1_4.dll
0x00007ff892970000 - 0x00007ff892998000 	C:\WINDOWS\SYSTEM32\DEVOBJ.dll
0x00007ff8917b0000 - 0x00007ff8917d6000 	C:\WINDOWS\SYSTEM32\dwmapi.dll
0x00007ff8965a0000 - 0x00007ff8966fa000 	C:\WINDOWS\System32\MSCTF.dll
0x00007ff894ed0000 - 0x00007ff894f8f000 	C:\WINDOWS\System32\OLEAUT32.dll
0x00007ff894880000 - 0x00007ff89491c000 	C:\WINDOWS\System32\msvcp_win.dll
0x00007ff892c60000 - 0x00007ff892c6c000 	C:\WINDOWS\SYSTEM32\HID.DLL
0x00007ff8973e0000 - 0x00007ff897809000 	C:\WINDOWS\System32\SETUPAPI.DLL
0x00007ff894720000 - 0x00007ff894775000 	C:\WINDOWS\System32\WINTRUST.dll
0x00007ff893e00000 - 0x00007ff893e10000 	C:\WINDOWS\System32\MSASN1.dll
0x00007ff894c80000 - 0x00007ff894e49000 	C:\WINDOWS\System32\CRYPT32.dll
0x00007ff8687f0000 - 0x00007ff868913000 	C:\WINDOWS\SYSTEM32\opengl32.dll
0x00007ff886d50000 - 0x00007ff886d7d000 	C:\WINDOWS\SYSTEM32\GLU32.dll
0x00007ff86dfb0000 - 0x00007ff86e0a7000 	C:\WINDOWS\SYSTEM32\DDRAW.dll
0x00007ff88b040000 - 0x00007ff88b048000 	C:\WINDOWS\SYSTEM32\DCIMAN32.dll
0x0000000050770000 - 0x000000005296b000 	C:\WINDOWS\SYSTEM32\nvoglv64.DLL
0x00007ff891420000 - 0x00007ff891433000 	C:\WINDOWS\SYSTEM32\WTSAPI32.dll
0x00007ff893120000 - 0x00007ff893152000 	C:\WINDOWS\SYSTEM32\ntmarta.dll
0x00007ff893c60000 - 0x00007ff893cb6000 	C:\WINDOWS\SYSTEM32\WINSTA.dll
0x00007ff876490000 - 0x00007ff8764ec000 	C:\Users\Brett\AppData\Local\Temp\lwjglBrett\3.1.2-build-29\lwjgl_opengl.dll
0x00007ff883410000 - 0x00007ff8835a2000 	C:\WINDOWS\SYSTEM32\dbghelp.dll

VM Arguments:
jvm_args: -Dfile.encoding=Cp1252 
java_command: Data.Main
java_class_path (initial): J:\Eclipse\Java Projects\3D Block Game\bin;J:\Eclipse\Java Projects\3D Block Game\lib\lwjgl-assimp-javadoc.jar;J:\Eclipse\Java Projects\3D Block Game\lib\lwjgl-assimp-natives-windows.jar;J:\Eclipse\Java Projects\3D Block Game\lib\lwjgl-assimp-sources.jar;J:\Eclipse\Java Projects\3D Block Game\lib\lwjgl-assimp.jar;J:\Eclipse\Java Projects\3D Block Game\lib\lwjgl-glfw-javadoc.jar;J:\Eclipse\Java Projects\3D Block Game\lib\lwjgl-glfw-natives-windows.jar;J:\Eclipse\Java Projects\3D Block Game\lib\lwjgl-glfw-sources.jar;J:\Eclipse\Java Projects\3D Block Game\lib\lwjgl-glfw.jar;J:\Eclipse\Java Projects\3D Block Game\lib\lwjgl-javadoc.jar;J:\Eclipse\Java Projects\3D Block Game\lib\lwjgl-natives-windows.jar;J:\Eclipse\Java Projects\3D Block Game\lib\lwjgl-openal-javadoc.jar;J:\Eclipse\Java Projects\3D Block Game\lib\lwjgl-openal-natives-windows.jar;J:\Eclipse\Java Projects\3D Block Game\lib\lwjgl-openal-sources.jar;J:\Eclipse\Java Projects\3D Block Game\lib\lwjgl-openal.jar;J:\Eclipse\Java Projects\3D Block Game\lib\lwjgl-opengl-javadoc.jar;J:\Eclipse\Java Projects\3D Block Game\lib\lwjgl-opengl-natives-windows.jar;J:\Eclipse\Java Projects\3D Block Game\lib\lwjgl-opengl-sources.jar;J:\Eclipse\Java Projects\3D Block Game\lib\lwjgl-opengl.jar;J:\Eclipse\Java Projects\3D Block Game\lib\lwjgl-sources.jar;J:\Eclipse\Java Projects\3D Block Game\lib\lwjgl-stb-javadoc.jar;J:\Eclipse\Java Projects\3D Block Game\lib\lwjgl-stb-natives-windows.jar;J:\Eclipse\Java Projects\3D Block Game\lib\lwjgl-stb-sources.jar;J:\Eclipse\Java Projects\3D Block Game\lib\lwjgl-stb.jar;J:\Eclipse\Java Projects\3D Block Game\lib\lwjgl.jar
Launcher Type: SUN_STANDARD

Environment Variables:
JAVA_HOME=C:\Program Files\Java\jdk1.8.0_121
PATH=C:/Program Files/Java/jre1.8.0_144/bin/server;C:/Program Files/Java/jre1.8.0_144/bin;C:/Program Files/Java/jre1.8.0_144/lib/amd64;C:\ProgramData\Oracle\Java\javapath;C:\Program Files\Java\jdk1.8.0_121\bin;C:\Program Files (x86)\Intel\iCLS Client\;C:\Program Files\Intel\iCLS Client\;C:\Windows\system32;C:\Windows;C:\Windows\System32\Wbem;C:\Windows\System32\WindowsPowerShell\v1.0\;C:\Program Files (x86)\Intel\Intel(R) Management Engine Components\DAL;C:\Program Files\Intel\Intel(R) Management Engine Components\DAL;C:\Program Files (x86)\Intel\Intel(R) Management Engine Components\IPT;C:\Program Files\Intel\Intel(R) Management Engine Components\IPT;C:\Program Files (x86)\GtkSharp\2.12\bin;C:\WINDOWS\system32;C:\WINDOWS;C:\WINDOWS\System32\Wbem;C:\WINDOWS\System32\WindowsPowerShell\v1.0\;C:\Program Files (x86)\Skype\Phone\;C:\Program Files\TortoiseSVN\bin;C:\Python27;C:\Python27\DLLs;C:\Python27\Lib;C:\Users\Brett\.dnx\bin;C:\Program Files\Microsoft DNX\Dnvm\;C:\Program Files (x86)\Windows Kits\10\Windows Performance Toolkit\;C:\Program Files\Microsoft SQL Server\130\Tools\Binn\;C:\Users\Brett\AppData\Local\Programs\Python\Python36-32;C:\Users\Brett\AppData\Local\Programs\Python\Python36-32\Scripts;C:\Program Files (x86)\NVIDIA Corporation\PhysX\Common;C:\Program Files (x86)\ATMEL\FLIP 2.4.6\bin;C:\Users\Brett\AppData\Local\Microsoft\WindowsApps;C:\Program Files (x86)\Atmel\Flip 3.4.7\bin;C:\Program Files\Java\jdk1.8.0_121\bin;C:\Users\Brett\Desktop;
USERNAME=Brett
OS=Windows_NT
PROCESSOR_IDENTIFIER=Intel64 Family 6 Model 94 Stepping 3, GenuineIntel



---------------  S Y S T E M  ---------------

OS: Windows 10.0 , 64 bit Build 14393 (10.0.14393.1198)

CPU:total 4 (initial active 4) (4 cores per cpu, 1 threads per core) family 6 model 94 stepping 3, cmov, cx8, fxsr, mmx, sse, sse2, sse3, ssse3, sse4.1, sse4.2, popcnt, avx, avx2, aes, clmul, erms, rtm, 3dnowpref, lzcnt, tsc, tscinvbit, bmi1, bmi2, adx

Memory: 4k page, physical 25124700k(17650604k free), swap 28794716k(19725316k free)

vm_info: Java HotSpot(TM) 64-Bit Server VM (25.144-b01) for windows-amd64 JRE (1.8.0_144-b01), built on Jul 21 2017 21:57:33 by "java_re" with MS VC++ 10.0 (VS2010)

time: Wed Aug 16 17:38:21 2017
elapsed time: 1 seconds (0d 0h 0m 1s)

